C:\Program Files (x86)\Microsoft Visual Studio\2017\Community\Common7\IDE\VC\VCTargets\Microsoft.CppBuild.targets(391,5): warning MSB8028: Das Zwischenverzeichnis (Debug\) enthält freigegebene Dateien aus einem anderen Projekt (SudokuTCP.vcxproj). Dies kann zu einem falschen Bereinigungs- und Neuerstellungsverhalten führen.
  Box.cpp
e:\uniprojekte\client_sudokutcp\box.cpp(89): warning C4018: "<": Konflikt zwischen "signed" und "unsigned"
e:\uniprojekte\client_sudokutcp\box.cpp(91): warning C4018: "<": Konflikt zwischen "signed" und "unsigned"
e:\uniprojekte\client_sudokutcp\box.cpp(210): warning C4018: "<": Konflikt zwischen "signed" und "unsigned"
e:\uniprojekte\client_sudokutcp\box.cpp(218): warning C4018: "<": Konflikt zwischen "signed" und "unsigned"
e:\uniprojekte\client_sudokutcp\box.cpp(252): warning C4334: "<<": Das Ergebnis der 32-Bit-Verschiebung wurde implizit in 64 Bits konvertiert. (War eine 64-Bit-Verschiebung vorgesehen?)
e:\uniprojekte\client_sudokutcp\box.cpp(327): warning C4334: "<<": Das Ergebnis der 32-Bit-Verschiebung wurde implizit in 64 Bits konvertiert. (War eine 64-Bit-Verschiebung vorgesehen?)
e:\uniprojekte\client_sudokutcp\box.cpp(403): warning C4334: "<<": Das Ergebnis der 32-Bit-Verschiebung wurde implizit in 64 Bits konvertiert. (War eine 64-Bit-Verschiebung vorgesehen?)
  LINK : 0 neue Module und 1 (von 57) Modulen wurden seit der letzten Verknüpfung geändert.
  
  Bibliotheken werden durchsucht.
      Durchsuchen von C:\Program Files (x86)\Windows Kits\10\lib\10.0.17763.0\um\x86\kernel32.lib:
      Durchsuchen von C:\Program Files (x86)\Windows Kits\10\lib\10.0.17763.0\um\x86\user32.lib:
      Durchsuchen von C:\Program Files (x86)\Windows Kits\10\lib\10.0.17763.0\um\x86\gdi32.lib:
      Durchsuchen von C:\Program Files (x86)\Windows Kits\10\lib\10.0.17763.0\um\x86\winspool.lib:
      Durchsuchen von C:\Program Files (x86)\Windows Kits\10\lib\10.0.17763.0\um\x86\comdlg32.lib:
      Durchsuchen von C:\Program Files (x86)\Windows Kits\10\lib\10.0.17763.0\um\x86\advapi32.lib:
      Durchsuchen von C:\Program Files (x86)\Windows Kits\10\lib\10.0.17763.0\um\x86\shell32.lib:
      Durchsuchen von C:\Program Files (x86)\Windows Kits\10\lib\10.0.17763.0\um\x86\ole32.lib:
      Durchsuchen von C:\Program Files (x86)\Windows Kits\10\lib\10.0.17763.0\um\x86\oleaut32.lib:
      Durchsuchen von C:\Program Files (x86)\Windows Kits\10\lib\10.0.17763.0\um\x86\uuid.lib:
      Durchsuchen von C:\Program Files (x86)\Windows Kits\10\lib\10.0.17763.0\um\x86\odbc32.lib:
      Durchsuchen von C:\Program Files (x86)\Windows Kits\10\lib\10.0.17763.0\um\x86\odbccp32.lib:
      Durchsuchen von E:\UniProjekte\Client_SudokuTCP\Debug\RssReader.lib:
      Durchsuchen von C:\Program Files (x86)\Microsoft Visual Studio\2017\Community\VC\Tools\MSVC\14.16.27023\lib\x86\msvcprtd.lib:
        "__declspec(dllimport) public: class std::basic_ostream<char,struct std::char_traits<char> > & __thiscall std::basic_ostream<char,struct std::char_traits<char> >::operator<<(unsigned __int64)" (__imp_??6?$basic_ostream@DU?$char_traits@D@std@@@std@@QAEAAV01@_K@Z) gefunden.
          In "Box.obj" referenziert
          "msvcprtd.lib(MSVCP140D.dll)" geladen
  
  Durchsuchen der Bibliotheken abgeschlossen.
  Nicht-SAFESEH-Image wird generiert.
  Durchlauf 2 gestartet.
       HttpReq.obj
       main.obj
       BoxConnection.obj
       Box.obj
       RssReader.lib(RssReader.obj)
       msvcprtd.lib(MSVCP140D.dll)
       msvcprtd.lib(MSVCP140D.dll)
       msvcprtd.lib(MSVCP140D.dll)
       msvcprtd.lib(MSVCP140D.dll)
       msvcprtd.lib(MSVCP140D.dll)
       msvcprtd.lib(MSVCP140D.dll)
       msvcprtd.lib(MSVCP140D.dll)
       msvcprtd.lib(MSVCP140D.dll)
       msvcprtd.lib(MSVCP140D.dll)
       msvcprtd.lib(MSVCP140D.dll)
       msvcprtd.lib(MSVCP140D.dll)
       msvcprtd.lib(MSVCP140D.dll)
       msvcprtd.lib(MSVCP140D.dll)
       msvcprtd.lib(MSVCP140D.dll)
       msvcprtd.lib(MSVCP140D.dll)
       msvcprtd.lib(MSVCP140D.dll)
       msvcprtd.lib(MSVCP140D.dll)
       msvcprtd.lib(MSVCP140D.dll)
       msvcprtd.lib(MSVCP140D.dll)
       msvcprtd.lib(MSVCP140D.dll)
       msvcprtd.lib(MSVCP140D.dll)
       msvcprtd.lib(MSVCP140D.dll)
       msvcprtd.lib(MSVCP140D.dll)
       msvcprtd.lib(MSVCP140D.dll)
       msvcprtd.lib(MSVCP140D.dll)
       msvcprtd.lib(MSVCP140D.dll)
       msvcprtd.lib(MSVCP140D.dll)
       msvcprtd.lib(MSVCP140D.dll)
       msvcprtd.lib(MSVCP140D.dll)
       msvcprtd.lib(MSVCP140D.dll)
       msvcprtd.lib(MSVCP140D.dll)
       msvcprtd.lib(MSVCP140D.dll)
       msvcprtd.lib(MSVCP140D.dll)
       msvcprtd.lib(MSVCP140D.dll)
       msvcprtd.lib(MSVCP140D.dll)
       msvcprtd.lib(MSVCP140D.dll)
       msvcprtd.lib(MSVCP140D.dll)
       msvcprtd.lib(MSVCP140D.dll)
       msvcprtd.lib(MSVCP140D.dll)
       msvcprtd.lib(MSVCP140D.dll)
       msvcprtd.lib(MSVCP140D.dll)
       msvcprtd.lib(MSVCP140D.dll)
       msvcprtd.lib(MSVCP140D.dll)
       msvcprtd.lib(MSVCP140D.dll)
       msvcprtd.lib(MSVCP140D.dll)
       msvcprtd.lib(MSVCP140D.dll)
       msvcprtd.lib(MSVCP140D.dll)
       msvcprtd.lib(MSVCP140D.dll)
       msvcprtd.lib(MSVCP140D.dll)
       msvcprtd.lib(MSVCP140D.dll)
       msvcprtd.lib(MSVCP140D.dll)
       msvcprtd.lib(MSVCP140D.dll)
       msvcprtd.lib(MSVCP140D.dll)
       msvcprtd.lib(MSVCP140D.dll)
       msvcprtd.lib(MSVCP140D.dll)
       msvcprtd.lib(MSVCP140D.dll)
       msvcprtd.lib(MSVCP140D.dll)
       msvcprtd.lib(MSVCP140D.dll)
       msvcprtd.lib(MSVCP140D.dll)
       msvcprtd.lib(MSVCP140D.dll)
       msvcprtd.lib(MSVCP140D.dll)
       msvcprtd.lib(MSVCP140D.dll)
       msvcprtd.lib(MSVCP140D.dll)
       msvcprtd.lib(MSVCP140D.dll)
       msvcprtd.lib(MSVCP140D.dll)
       msvcprtd.lib(MSVCP140D.dll)
       msvcprtd.lib(MSVCP140D.dll)
       msvcprtd.lib(MSVCP140D.dll)
       msvcprtd.lib(MSVCP140D.dll)
       msvcprtd.lib(MSVCP140D.dll)
       msvcprtd.lib(MSVCP140D.dll)
       msvcprtd.lib(MSVCP140D.dll)
       msvcprtd.lib(MSVCP140D.dll)
       msvcprtd.lib(MSVCP140D.dll)
       msvcprtd.lib(MSVCP140D.dll)
       msvcprtd.lib(MSVCP140D.dll)
       msvcprtd.lib(MSVCP140D.dll)
       msvcprtd.lib(MSVCP140D.dll)
       msvcprtd.lib(MSVCP140D.dll)
       msvcprtd.lib(MSVCP140D.dll)
       msvcprtd.lib(MSVCP140D.dll)
       msvcprtd.lib(MSVCP140D.dll)
       msvcprtd.lib(MSVCP140D.dll)
       msvcprtd.lib(MSVCP140D.dll)
       msvcprtd.lib(MSVCP140D.dll)
       msvcprtd.lib(MSVCP140D.dll)
       msvcprtd.lib(MSVCP140D.dll)
       msvcprtd.lib(MSVCP140D.dll)
       msvcprtd.lib(MSVCP140D.dll)
       msvcprtd.lib(MSVCP140D.dll)
       msvcprtd.lib(MSVCP140D.dll)
       msvcprtd.lib(MSVCP140D.dll)
       msvcprtd.lib(MSVCP140D.dll)
       msvcprtd.lib(MSVCP140D.dll)
       msvcprtd.lib(MSVCP140D.dll)
       msvcprtd.lib(MSVCP140D.dll)
       msvcprtd.lib(MSVCP140D.dll)
       msvcprtd.lib(MSVCP140D.dll)
       msvcprtd.lib(MSVCP140D.dll)
       msvcprtd.lib(MSVCP140D.dll)
       msvcprtd.lib(MSVCP140D.dll)
       msvcprtd.lib(MSVCP140D.dll)
       msvcprtd.lib(MSVCP140D.dll)
       msvcprtd.lib(MSVCP140D.dll)
       msvcprtd.lib(MSVCP140D.dll)
       msvcprtd.lib(MSVCP140D.dll)
       msvcprtd.lib(MSVCP140D.dll)
       msvcprtd.lib(MSVCP140D.dll)
       msvcprtd.lib(MSVCP140D.dll)
       MSVCRTD.lib(loadcfg.obj)
  Durchlauf 2 abgeschlossen.
  SudokuTCP.vcxproj -> E:\UniProjekte\Client_SudokuTCP\Debug\SudokuBox.exe
